2022-10-14 01:54:10,685 INFO     Pagina accesada correctamente
2022-10-14 01:54:17,514 INFO     Consulta nueva va a ser realizada
2022-10-14 01:54:17,514 INFO     La cedula a ser consultada es: 108280047
2022-10-14 01:54:24,716 INFO     Datos recolectados
2022-10-14 01:54:34,003 INFO     Consulta nueva va a ser realizada
2022-10-14 01:54:34,004 INFO     La cedula a ser consultada es: 108280048
2022-10-14 01:54:37,850 INFO     Datos recolectados
2022-10-14 01:54:45,781 INFO     Consulta nueva va a ser realizada
2022-10-14 01:54:45,782 INFO     La cedula a ser consultada es: 108280049
2022-10-14 01:54:48,677 INFO     Datos recolectados
2022-10-14 01:54:57,843 INFO     Consulta nueva va a ser realizada
2022-10-14 01:54:57,843 INFO     La cedula a ser consultada es: 108280050
2022-10-14 01:55:01,693 INFO     Datos recolectados
2022-10-14 01:55:10,486 INFO     Consulta nueva va a ser realizada
2022-10-14 01:55:10,486 INFO     La cedula a ser consultada es: 108280051
2022-10-14 01:55:14,039 INFO     Datos recolectados
2022-10-14 01:55:22,795 INFO     Consulta nueva va a ser realizada
2022-10-14 01:55:22,796 INFO     La cedula a ser consultada es: 108280052
2022-10-14 01:55:25,531 INFO     Datos recolectados
2022-10-14 01:55:34,098 INFO     Consulta nueva va a ser realizada
2022-10-14 01:55:34,099 INFO     La cedula a ser consultada es: 108280053
2022-10-14 01:55:36,796 INFO     Datos recolectados
2022-10-14 01:55:44,512 INFO     Consulta nueva va a ser realizada
2022-10-14 01:55:44,512 INFO     La cedula a ser consultada es: 108280054
2022-10-14 01:55:47,051 INFO     Datos recolectados
2022-10-14 01:55:55,651 INFO     Consulta nueva va a ser realizada
2022-10-14 01:55:55,652 INFO     La cedula a ser consultada es: 108280055
2022-10-14 01:55:58,329 INFO     Datos recolectados
2022-10-14 01:56:07,255 INFO     Consulta nueva va a ser realizada
2022-10-14 01:56:07,256 INFO     La cedula a ser consultada es: 108280056
2022-10-14 01:56:09,930 INFO     Datos recolectados
2022-10-14 01:56:18,533 INFO     Consulta nueva va a ser realizada
2022-10-14 01:56:18,533 INFO     La cedula a ser consultada es: 108280057
2022-10-14 01:56:21,290 INFO     Datos recolectados
2022-10-14 01:56:29,734 INFO     Consulta nueva va a ser realizada
2022-10-14 01:56:29,735 INFO     La cedula a ser consultada es: 108280058
2022-10-14 01:56:32,502 INFO     Datos recolectados
2022-10-14 01:56:41,219 INFO     Consulta nueva va a ser realizada
2022-10-14 01:56:41,220 INFO     La cedula a ser consultada es: 108280059
2022-10-14 01:56:43,674 INFO     Datos recolectados
2022-10-14 01:56:52,067 INFO     Consulta nueva va a ser realizada
2022-10-14 01:56:52,068 INFO     La cedula a ser consultada es: 108280060
2022-10-14 01:56:54,625 INFO     Datos recolectados
2022-10-14 01:57:02,379 INFO     Consulta nueva va a ser realizada
2022-10-14 01:57:02,379 INFO     La cedula a ser consultada es: 108280061
2022-10-14 01:57:04,815 INFO     Datos recolectados
2022-10-14 01:57:13,245 INFO     Consulta nueva va a ser realizada
2022-10-14 01:57:13,246 INFO     La cedula a ser consultada es: 108280062
2022-10-14 01:57:15,741 INFO     Datos recolectados
2022-10-14 01:57:23,889 INFO     Consulta nueva va a ser realizada
2022-10-14 01:57:23,890 INFO     La cedula a ser consultada es: 108280063
2022-10-14 01:57:26,387 INFO     Datos recolectados
2022-10-14 01:57:34,482 INFO     Consulta nueva va a ser realizada
2022-10-14 01:57:34,483 INFO     La cedula a ser consultada es: 108280064
2022-10-14 01:57:37,236 INFO     Datos recolectados
2022-10-14 01:57:45,888 INFO     Consulta nueva va a ser realizada
2022-10-14 01:57:45,889 INFO     La cedula a ser consultada es: 108280065
2022-10-14 01:57:48,771 INFO     Datos recolectados
2022-10-14 01:57:57,537 INFO     Consulta nueva va a ser realizada
2022-10-14 01:57:57,538 INFO     La cedula a ser consultada es: 108280066
2022-10-14 01:58:00,168 INFO     Datos recolectados
2022-10-14 01:58:08,724 INFO     Consulta nueva va a ser realizada
2022-10-14 01:58:08,725 INFO     La cedula a ser consultada es: 108280067
2022-10-14 01:58:11,414 INFO     Datos recolectados
2022-10-14 01:58:20,485 INFO     Consulta nueva va a ser realizada
2022-10-14 01:58:20,486 INFO     La cedula a ser consultada es: 108280068
2022-10-14 01:58:23,165 INFO     Datos recolectados
2022-10-14 01:58:31,335 INFO     Consulta nueva va a ser realizada
2022-10-14 01:58:31,336 INFO     La cedula a ser consultada es: 108280069
2022-10-14 01:58:34,285 INFO     Datos recolectados
2022-10-14 01:58:42,765 INFO     Consulta nueva va a ser realizada
2022-10-14 01:58:42,765 INFO     La cedula a ser consultada es: 108280070
2022-10-14 01:58:45,433 INFO     Datos recolectados
2022-10-14 01:58:53,341 INFO     Consulta nueva va a ser realizada
2022-10-14 01:58:53,341 INFO     La cedula a ser consultada es: 108280071
2022-10-14 01:58:56,222 INFO     Datos recolectados
2022-10-14 01:59:05,126 INFO     Consulta nueva va a ser realizada
2022-10-14 01:59:05,127 INFO     La cedula a ser consultada es: 108280072
2022-10-14 01:59:07,748 INFO     Datos recolectados
2022-10-14 01:59:17,445 INFO     Consulta nueva va a ser realizada
2022-10-14 01:59:17,447 INFO     La cedula a ser consultada es: 108280073
2022-10-14 01:59:20,339 INFO     Datos recolectados
2022-10-14 01:59:29,911 INFO     Consulta nueva va a ser realizada
2022-10-14 01:59:29,911 INFO     La cedula a ser consultada es: 108280074
2022-10-14 01:59:32,564 INFO     Datos recolectados
2022-10-14 01:59:40,750 INFO     Consulta nueva va a ser realizada
2022-10-14 01:59:40,751 INFO     La cedula a ser consultada es: 108280075
2022-10-14 01:59:43,338 INFO     Datos recolectados
2022-10-14 01:59:53,253 INFO     Consulta nueva va a ser realizada
2022-10-14 01:59:53,259 INFO     La cedula a ser consultada es: 108280076
2022-10-14 01:59:56,996 INFO     Datos recolectados
2022-10-14 02:00:04,404 INFO     Consulta nueva va a ser realizada
2022-10-14 02:00:04,405 INFO     La cedula a ser consultada es: 108280077
2022-10-14 02:00:07,228 INFO     Datos recolectados
2022-10-14 02:00:13,913 INFO     Consulta nueva va a ser realizada
2022-10-14 02:00:13,914 INFO     La cedula a ser consultada es: 108280078
2022-10-14 02:00:16,534 INFO     Datos recolectados
2022-10-14 02:00:22,979 INFO     Consulta nueva va a ser realizada
2022-10-14 02:00:22,980 INFO     La cedula a ser consultada es: 108280079
2022-10-14 02:00:25,977 INFO     Datos recolectados
2022-10-14 02:00:32,978 INFO     Consulta nueva va a ser realizada
2022-10-14 02:00:32,980 INFO     La cedula a ser consultada es: 108280080
2022-10-14 02:00:35,803 INFO     Datos recolectados
2022-10-14 02:00:44,395 INFO     Consulta nueva va a ser realizada
2022-10-14 02:00:44,395 INFO     La cedula a ser consultada es: 108280081
2022-10-14 02:00:47,334 INFO     Datos recolectados
2022-10-14 02:00:53,573 INFO     Consulta nueva va a ser realizada
2022-10-14 02:00:53,573 INFO     La cedula a ser consultada es: 108280082
2022-10-14 02:00:56,443 INFO     Datos recolectados
2022-10-14 02:01:03,887 INFO     Consulta nueva va a ser realizada
2022-10-14 02:01:03,889 INFO     La cedula a ser consultada es: 108280083
2022-10-14 02:01:06,575 INFO     Datos recolectados
2022-10-14 02:01:13,888 INFO     Consulta nueva va a ser realizada
2022-10-14 02:01:13,889 INFO     La cedula a ser consultada es: 108280084
2022-10-14 02:01:16,735 INFO     Datos recolectados
2022-10-14 02:01:23,249 INFO     Consulta nueva va a ser realizada
2022-10-14 02:01:23,250 INFO     La cedula a ser consultada es: 108280085
2022-10-14 02:01:26,183 INFO     Datos recolectados
2022-10-14 02:01:33,338 INFO     Consulta nueva va a ser realizada
2022-10-14 02:01:33,340 INFO     La cedula a ser consultada es: 108280086
2022-10-14 02:01:36,163 INFO     Datos recolectados
2022-10-14 02:01:42,695 INFO     Consulta nueva va a ser realizada
2022-10-14 02:01:42,695 INFO     La cedula a ser consultada es: 108280087
2022-10-14 02:01:45,545 INFO     Datos recolectados
2022-10-14 02:01:52,951 INFO     Consulta nueva va a ser realizada
2022-10-14 02:01:52,951 INFO     La cedula a ser consultada es: 108280088
2022-10-14 02:01:55,484 INFO     Datos recolectados
2022-10-14 02:02:01,842 INFO     Consulta nueva va a ser realizada
2022-10-14 02:02:01,843 INFO     La cedula a ser consultada es: 108280089
2022-10-14 02:02:04,828 INFO     Datos recolectados
2022-10-14 02:02:10,724 INFO     Consulta nueva va a ser realizada
2022-10-14 02:02:10,729 INFO     La cedula a ser consultada es: 108280090
2022-10-14 02:02:13,609 INFO     Datos recolectados
2022-10-14 02:02:19,826 INFO     Consulta nueva va a ser realizada
2022-10-14 02:02:19,828 INFO     La cedula a ser consultada es: 108280091
2022-10-14 02:02:22,663 INFO     Datos recolectados
2022-10-14 02:02:29,236 INFO     Consulta nueva va a ser realizada
2022-10-14 02:02:29,236 INFO     La cedula a ser consultada es: 108280092
2022-10-14 02:02:31,951 INFO     Datos recolectados
2022-10-14 02:02:38,861 INFO     Consulta nueva va a ser realizada
2022-10-14 02:02:38,862 INFO     La cedula a ser consultada es: 108280093
2022-10-14 02:02:41,595 INFO     Datos recolectados
2022-10-14 02:02:47,865 INFO     Consulta nueva va a ser realizada
2022-10-14 02:02:47,866 INFO     La cedula a ser consultada es: 108280094
2022-10-14 02:02:50,813 INFO     Datos recolectados
2022-10-14 02:02:58,637 INFO     Consulta nueva va a ser realizada
2022-10-14 02:02:58,637 INFO     La cedula a ser consultada es: 108280095
2022-10-14 02:03:01,148 INFO     Datos recolectados
2022-10-14 02:03:07,537 INFO     Consulta nueva va a ser realizada
2022-10-14 02:03:07,537 INFO     La cedula a ser consultada es: 108280096
2022-10-14 02:03:10,267 INFO     Datos recolectados
2022-10-14 02:03:16,680 INFO     Consulta nueva va a ser realizada
2022-10-14 02:03:16,681 INFO     La cedula a ser consultada es: 108280097
2022-10-14 02:03:19,495 INFO     Datos recolectados
2022-10-14 02:03:26,312 INFO     Consulta nueva va a ser realizada
2022-10-14 02:03:26,312 INFO     La cedula a ser consultada es: 108280098
2022-10-14 02:03:29,309 INFO     Datos recolectados
2022-10-14 02:03:36,236 INFO     Consulta nueva va a ser realizada
2022-10-14 02:03:36,236 INFO     La cedula a ser consultada es: 108280099
2022-10-14 02:03:39,143 INFO     Datos recolectados
2022-10-14 02:03:46,763 INFO     Consulta nueva va a ser realizada
2022-10-14 02:03:46,763 INFO     La cedula a ser consultada es: 108280100
2022-10-14 02:03:49,915 INFO     Datos recolectados
2022-10-14 02:03:55,949 INFO     Consulta nueva va a ser realizada
2022-10-14 02:03:55,950 INFO     La cedula a ser consultada es: 108280101
2022-10-14 02:03:58,603 INFO     Datos recolectados
2022-10-14 02:04:05,177 INFO     Consulta nueva va a ser realizada
2022-10-14 02:04:05,178 INFO     La cedula a ser consultada es: 108280102
2022-10-14 02:04:08,134 INFO     Datos recolectados
2022-10-14 02:04:15,807 INFO     Consulta nueva va a ser realizada
2022-10-14 02:04:15,808 INFO     La cedula a ser consultada es: 108280103
2022-10-14 02:04:18,699 INFO     Datos recolectados
2022-10-14 02:04:25,960 INFO     Consulta nueva va a ser realizada
2022-10-14 02:04:25,960 INFO     La cedula a ser consultada es: 108280104
2022-10-14 02:04:29,345 INFO     Datos recolectados
2022-10-14 02:04:35,948 INFO     Consulta nueva va a ser realizada
2022-10-14 02:04:35,949 INFO     La cedula a ser consultada es: 108280105
2022-10-14 02:04:39,130 INFO     Datos recolectados
2022-10-14 02:04:45,934 INFO     Consulta nueva va a ser realizada
2022-10-14 02:04:45,935 INFO     La cedula a ser consultada es: 108280106
2022-10-14 02:04:49,048 INFO     Datos recolectados
2022-10-14 02:04:56,065 INFO     Consulta nueva va a ser realizada
2022-10-14 02:04:56,066 INFO     La cedula a ser consultada es: 108280107
2022-10-14 02:04:58,924 INFO     Datos recolectados
2022-10-14 02:05:05,496 INFO     Consulta nueva va a ser realizada
2022-10-14 02:05:05,496 INFO     La cedula a ser consultada es: 108280108
2022-10-14 02:05:08,283 INFO     Datos recolectados
2022-10-14 02:05:14,850 INFO     Consulta nueva va a ser realizada
2022-10-14 02:05:14,851 INFO     La cedula a ser consultada es: 108280109
2022-10-14 02:05:17,498 INFO     Datos recolectados
2022-10-14 02:05:25,194 INFO     Consulta nueva va a ser realizada
2022-10-14 02:05:25,194 INFO     La cedula a ser consultada es: 108280110
2022-10-14 02:05:28,128 INFO     Datos recolectados
2022-10-14 02:05:35,496 INFO     Consulta nueva va a ser realizada
2022-10-14 02:05:35,502 INFO     La cedula a ser consultada es: 108280111
2022-10-14 02:05:38,338 INFO     Datos recolectados
2022-10-14 02:05:46,085 INFO     Consulta nueva va a ser realizada
2022-10-14 02:05:46,086 INFO     La cedula a ser consultada es: 108280112
2022-10-14 02:05:48,946 INFO     Datos recolectados
2022-10-14 02:05:55,513 INFO     Consulta nueva va a ser realizada
2022-10-14 02:05:55,514 INFO     La cedula a ser consultada es: 108280113
2022-10-14 02:05:58,509 INFO     Datos recolectados
2022-10-14 02:06:06,234 INFO     Consulta nueva va a ser realizada
2022-10-14 02:06:06,235 INFO     La cedula a ser consultada es: 108280114
2022-10-14 02:06:09,032 INFO     Datos recolectados
2022-10-14 02:06:16,257 INFO     Consulta nueva va a ser realizada
2022-10-14 02:06:16,258 INFO     La cedula a ser consultada es: 108280115
2022-10-14 02:06:19,616 INFO     Datos recolectados
2022-10-14 02:06:27,312 INFO     Consulta nueva va a ser realizada
2022-10-14 02:06:27,312 INFO     La cedula a ser consultada es: 108280116
2022-10-14 02:06:30,335 INFO     Datos recolectados
2022-10-14 02:06:38,146 INFO     Consulta nueva va a ser realizada
2022-10-14 02:06:38,146 INFO     La cedula a ser consultada es: 108280117
2022-10-14 02:06:40,936 INFO     Datos recolectados
2022-10-14 02:06:49,192 INFO     Consulta nueva va a ser realizada
2022-10-14 02:06:49,192 INFO     La cedula a ser consultada es: 108280118
2022-10-14 02:06:52,119 INFO     Datos recolectados
2022-10-14 02:07:00,091 INFO     Consulta nueva va a ser realizada
2022-10-14 02:07:00,091 INFO     La cedula a ser consultada es: 108280119
2022-10-14 02:07:03,041 INFO     Datos recolectados
2022-10-14 02:07:10,847 INFO     Consulta nueva va a ser realizada
2022-10-14 02:07:10,848 INFO     La cedula a ser consultada es: 108280120
2022-10-14 02:07:13,799 INFO     Datos recolectados
2022-10-14 02:07:21,088 INFO     Consulta nueva va a ser realizada
2022-10-14 02:07:21,089 INFO     La cedula a ser consultada es: 108280121
2022-10-14 02:07:24,024 INFO     Datos recolectados
2022-10-14 02:07:31,157 INFO     Consulta nueva va a ser realizada
2022-10-14 02:07:31,158 INFO     La cedula a ser consultada es: 108280122
2022-10-14 02:07:34,028 INFO     Datos recolectados
2022-10-14 02:07:41,068 INFO     Consulta nueva va a ser realizada
2022-10-14 02:07:41,069 INFO     La cedula a ser consultada es: 108280123
2022-10-14 02:07:43,803 INFO     Datos recolectados
2022-10-14 02:07:50,573 INFO     Consulta nueva va a ser realizada
2022-10-14 02:07:50,574 INFO     La cedula a ser consultada es: 108280124
2022-10-14 02:07:53,408 INFO     Datos recolectados
2022-10-14 02:08:01,212 INFO     Consulta nueva va a ser realizada
2022-10-14 02:08:01,212 INFO     La cedula a ser consultada es: 108280125
2022-10-14 02:08:04,212 INFO     Datos recolectados
2022-10-14 02:08:12,226 INFO     Consulta nueva va a ser realizada
2022-10-14 02:08:12,226 INFO     La cedula a ser consultada es: 108280126
2022-10-14 02:08:15,229 INFO     Datos recolectados
2022-10-14 02:08:23,367 INFO     Consulta nueva va a ser realizada
2022-10-14 02:08:23,369 INFO     La cedula a ser consultada es: 108280127
2022-10-14 02:08:26,170 INFO     Datos recolectados
2022-10-14 02:08:33,555 INFO     Consulta nueva va a ser realizada
2022-10-14 02:08:33,556 INFO     La cedula a ser consultada es: 108280128
2022-10-14 02:08:36,482 INFO     Datos recolectados
2022-10-14 02:08:43,581 INFO     Consulta nueva va a ser realizada
2022-10-14 02:08:43,581 INFO     La cedula a ser consultada es: 108280129
2022-10-14 02:08:46,364 INFO     Datos recolectados
2022-10-14 02:08:53,289 INFO     Consulta nueva va a ser realizada
2022-10-14 02:08:53,289 INFO     La cedula a ser consultada es: 108280130
2022-10-14 02:08:56,082 INFO     Datos recolectados
2022-10-14 02:09:02,713 INFO     Consulta nueva va a ser realizada
2022-10-14 02:09:02,713 INFO     La cedula a ser consultada es: 108280131
2022-10-14 02:09:05,426 INFO     Datos recolectados
2022-10-14 02:09:12,168 INFO     Consulta nueva va a ser realizada
2022-10-14 02:09:12,169 INFO     La cedula a ser consultada es: 108280132
2022-10-14 02:09:15,124 INFO     Datos recolectados
2022-10-14 02:09:23,108 INFO     Consulta nueva va a ser realizada
2022-10-14 02:09:23,108 INFO     La cedula a ser consultada es: 108280133
2022-10-14 02:09:26,159 INFO     Datos recolectados
2022-10-14 02:09:33,772 INFO     Consulta nueva va a ser realizada
2022-10-14 02:09:33,772 INFO     La cedula a ser consultada es: 108280134
2022-10-14 02:09:36,684 INFO     Datos recolectados
2022-10-14 02:09:44,414 INFO     Consulta nueva va a ser realizada
2022-10-14 02:09:44,415 INFO     La cedula a ser consultada es: 108280135
2022-10-14 02:09:47,479 INFO     Datos recolectados
2022-10-14 02:09:55,502 INFO     Consulta nueva va a ser realizada
2022-10-14 02:09:55,502 INFO     La cedula a ser consultada es: 108280136
2022-10-14 02:09:58,469 INFO     Datos recolectados
2022-10-14 02:10:06,772 INFO     Consulta nueva va a ser realizada
2022-10-14 02:10:06,772 INFO     La cedula a ser consultada es: 108280137
2022-10-14 02:10:09,859 INFO     Datos recolectados
2022-10-14 02:10:18,388 INFO     Consulta nueva va a ser realizada
2022-10-14 02:10:18,388 INFO     La cedula a ser consultada es: 108280138
2022-10-14 02:10:21,655 INFO     Datos recolectados
2022-10-14 02:10:30,266 INFO     Consulta nueva va a ser realizada
2022-10-14 02:10:30,266 INFO     La cedula a ser consultada es: 108280139
2022-10-14 02:10:33,384 INFO     Datos recolectados
2022-10-14 02:10:40,687 INFO     Consulta nueva va a ser realizada
2022-10-14 02:10:40,688 INFO     La cedula a ser consultada es: 108280140
2022-10-14 02:10:43,738 INFO     Datos recolectados
2022-10-14 02:10:50,735 INFO     Consulta nueva va a ser realizada
2022-10-14 02:10:50,736 INFO     La cedula a ser consultada es: 108280141
2022-10-14 02:10:53,906 INFO     Datos recolectados
2022-10-14 02:11:01,402 INFO     Consulta nueva va a ser realizada
2022-10-14 02:11:01,403 INFO     La cedula a ser consultada es: 108280142
2022-10-14 02:11:04,442 INFO     Datos recolectados
2022-10-14 02:11:12,217 INFO     Consulta nueva va a ser realizada
2022-10-14 02:11:12,218 INFO     La cedula a ser consultada es: 108280143
2022-10-14 02:11:15,181 INFO     Datos recolectados
2022-10-14 02:11:23,856 INFO     Consulta nueva va a ser realizada
2022-10-14 02:11:23,857 INFO     La cedula a ser consultada es: 108280144
2022-10-14 02:11:27,155 INFO     Datos recolectados
2022-10-14 02:11:36,138 INFO     Consulta nueva va a ser realizada
2022-10-14 02:11:36,139 INFO     La cedula a ser consultada es: 108280145
2022-10-14 02:11:39,134 INFO     Datos recolectados
2022-10-14 02:11:48,044 INFO     Consulta nueva va a ser realizada
2022-10-14 02:11:48,044 INFO     La cedula a ser consultada es: 108280146
2022-10-14 02:11:51,687 INFO     Datos recolectados
2022-10-14 02:11:59,592 INFO     Consulta nueva va a ser realizada
2022-10-14 02:11:59,593 INFO     La cedula a ser consultada es: 108280147
2022-10-14 02:12:02,884 INFO     Datos recolectados
2022-10-14 02:12:11,193 INFO     Consulta nueva va a ser realizada
2022-10-14 02:12:11,194 INFO     La cedula a ser consultada es: 108280148
2022-10-14 02:12:14,446 INFO     Datos recolectados
2022-10-14 02:12:21,757 INFO     Consulta nueva va a ser realizada
2022-10-14 02:12:21,758 INFO     La cedula a ser consultada es: 108280149
2022-10-14 02:12:24,912 INFO     Datos recolectados
2022-10-14 02:12:32,208 INFO     Consulta nueva va a ser realizada
2022-10-14 02:12:32,208 INFO     La cedula a ser consultada es: 108280150
2022-10-14 02:12:33,654 ERROR    Datos no recolectados
2022-10-14 02:12:33,736 ERROR    Cedula no encontrada
2022-10-14 02:12:44,547 INFO     Consulta nueva va a ser realizada
2022-10-14 02:12:44,548 INFO     La cedula a ser consultada es: 108280151
2022-10-14 02:12:47,676 INFO     Datos recolectados
2022-10-14 02:12:55,946 INFO     Consulta nueva va a ser realizada
2022-10-14 02:12:55,947 INFO     La cedula a ser consultada es: 108280152
2022-10-14 02:12:59,144 INFO     Datos recolectados
2022-10-14 02:13:06,847 INFO     Consulta nueva va a ser realizada
2022-10-14 02:13:06,849 INFO     La cedula a ser consultada es: 108280153
2022-10-14 02:13:10,121 INFO     Datos recolectados
2022-10-14 02:13:18,504 INFO     Consulta nueva va a ser realizada
2022-10-14 02:13:18,507 INFO     La cedula a ser consultada es: 108280154
2022-10-14 02:13:21,418 INFO     Datos recolectados
2022-10-14 02:13:29,914 INFO     Consulta nueva va a ser realizada
2022-10-14 02:13:29,915 INFO     La cedula a ser consultada es: 108280155
2022-10-14 02:13:32,947 INFO     Datos recolectados
2022-10-14 02:13:41,688 INFO     Consulta nueva va a ser realizada
2022-10-14 02:13:41,689 INFO     La cedula a ser consultada es: 108280156
2022-10-14 02:13:43,654 INFO     Datos recolectados
2022-10-14 02:13:48,129 INFO     Consulta nueva va a ser realizada
2022-10-14 02:13:48,129 INFO     La cedula a ser consultada es: 108280157
2022-10-14 02:13:50,979 INFO     Datos recolectados
2022-10-14 02:13:57,454 INFO     Consulta nueva va a ser realizada
2022-10-14 02:13:57,454 INFO     La cedula a ser consultada es: 108280158
2022-10-14 02:13:59,985 INFO     Datos recolectados
2022-10-14 02:14:08,630 INFO     Consulta nueva va a ser realizada
2022-10-14 02:14:08,631 INFO     La cedula a ser consultada es: 108280159
2022-10-14 02:14:11,455 INFO     Datos recolectados
2022-10-14 02:14:19,282 INFO     Consulta nueva va a ser realizada
2022-10-14 02:14:19,282 INFO     La cedula a ser consultada es: 108280160
2022-10-14 02:14:21,823 INFO     Datos recolectados
2022-10-14 02:14:27,973 INFO     Consulta nueva va a ser realizada
2022-10-14 02:14:27,974 INFO     La cedula a ser consultada es: 108280161
2022-10-14 02:14:30,648 INFO     Datos recolectados
2022-10-14 02:14:37,889 INFO     Consulta nueva va a ser realizada
2022-10-14 02:14:37,889 INFO     La cedula a ser consultada es: 108280162
2022-10-14 02:14:40,635 INFO     Datos recolectados
2022-10-14 02:14:47,505 INFO     Consulta nueva va a ser realizada
2022-10-14 02:14:47,506 INFO     La cedula a ser consultada es: 108280163
2022-10-14 02:14:50,545 INFO     Datos recolectados
2022-10-14 02:14:57,416 INFO     Consulta nueva va a ser realizada
2022-10-14 02:14:57,416 INFO     La cedula a ser consultada es: 108280164
2022-10-14 02:15:00,288 INFO     Datos recolectados
2022-10-14 02:15:06,269 INFO     Consulta nueva va a ser realizada
2022-10-14 02:15:06,270 INFO     La cedula a ser consultada es: 108280165
2022-10-14 02:15:08,752 INFO     Datos recolectados
2022-10-14 02:15:15,670 INFO     Consulta nueva va a ser realizada
2022-10-14 02:15:15,672 INFO     La cedula a ser consultada es: 108280166
2022-10-14 02:15:18,053 INFO     Datos recolectados
2022-10-14 02:15:24,149 INFO     Consulta nueva va a ser realizada
2022-10-14 02:15:24,149 INFO     La cedula a ser consultada es: 108280167
2022-10-14 02:15:26,697 INFO     Datos recolectados
2022-10-14 02:15:32,938 INFO     Consulta nueva va a ser realizada
2022-10-14 02:15:32,938 INFO     La cedula a ser consultada es: 108280168
2022-10-14 02:15:35,420 INFO     Datos recolectados
2022-10-14 02:15:41,840 INFO     Consulta nueva va a ser realizada
2022-10-14 02:15:41,842 INFO     La cedula a ser consultada es: 108280169
2022-10-14 02:15:44,271 INFO     Datos recolectados
2022-10-14 02:15:50,962 INFO     Consulta nueva va a ser realizada
2022-10-14 02:15:50,963 INFO     La cedula a ser consultada es: 108280170
2022-10-14 02:15:53,588 INFO     Datos recolectados
2022-10-14 02:15:59,496 INFO     Consulta nueva va a ser realizada
2022-10-14 02:15:59,497 INFO     La cedula a ser consultada es: 108280171
2022-10-14 02:16:01,697 INFO     Datos recolectados
2022-10-14 02:16:05,281 INFO     Consulta nueva va a ser realizada
2022-10-14 02:16:05,282 INFO     La cedula a ser consultada es: 108280172
2022-10-14 02:16:06,882 INFO     Datos recolectados
2022-10-14 02:16:09,932 INFO     Consulta nueva va a ser realizada
2022-10-14 02:16:09,932 INFO     La cedula a ser consultada es: 108280173
2022-10-14 02:16:11,445 INFO     Datos recolectados
2022-10-14 02:16:14,342 INFO     Consulta nueva va a ser realizada
2022-10-14 02:16:14,343 INFO     La cedula a ser consultada es: 108280174
2022-10-14 02:16:16,102 INFO     Datos recolectados
2022-10-14 02:16:19,601 INFO     Consulta nueva va a ser realizada
2022-10-14 02:16:19,601 INFO     La cedula a ser consultada es: 108280175
2022-10-14 02:16:21,163 INFO     Datos recolectados
2022-10-14 02:16:24,278 INFO     Consulta nueva va a ser realizada
2022-10-14 02:16:24,279 INFO     La cedula a ser consultada es: 108280176
2022-10-14 02:16:25,853 INFO     Datos recolectados
2022-10-14 02:16:28,815 INFO     Consulta nueva va a ser realizada
2022-10-14 02:16:28,817 INFO     La cedula a ser consultada es: 108280177
2022-10-14 02:16:30,324 INFO     Datos recolectados
2022-10-14 02:16:33,237 INFO     Consulta nueva va a ser realizada
2022-10-14 02:16:33,238 INFO     La cedula a ser consultada es: 108280178
2022-10-14 02:16:34,787 INFO     Datos recolectados
2022-10-14 02:16:37,776 INFO     Consulta nueva va a ser realizada
2022-10-14 02:16:37,776 INFO     La cedula a ser consultada es: 108280179
2022-10-14 02:16:39,314 INFO     Datos recolectados
2022-10-14 02:16:42,352 INFO     Consulta nueva va a ser realizada
2022-10-14 02:16:42,352 INFO     La cedula a ser consultada es: 108280180
2022-10-14 02:16:43,886 INFO     Datos recolectados
2022-10-14 02:16:46,834 INFO     Consulta nueva va a ser realizada
2022-10-14 02:16:46,834 INFO     La cedula a ser consultada es: 108280181
2022-10-14 02:16:47,945 ERROR    Datos no recolectados
2022-10-14 02:16:47,962 ERROR    Cedula no encontrada
2022-10-14 02:16:54,577 INFO     Consulta nueva va a ser realizada
2022-10-14 02:16:54,578 INFO     La cedula a ser consultada es: 108280182
2022-10-14 02:16:56,116 INFO     Datos recolectados
2022-10-14 02:16:59,289 INFO     Consulta nueva va a ser realizada
2022-10-14 02:16:59,289 INFO     La cedula a ser consultada es: 108280183
2022-10-14 02:17:00,824 INFO     Datos recolectados
2022-10-14 02:17:03,834 INFO     Consulta nueva va a ser realizada
2022-10-14 02:17:03,834 INFO     La cedula a ser consultada es: 108280184
2022-10-14 02:17:05,417 INFO     Datos recolectados
2022-10-14 02:17:08,439 INFO     Consulta nueva va a ser realizada
2022-10-14 02:17:08,440 INFO     La cedula a ser consultada es: 108280185
2022-10-14 02:17:09,996 INFO     Datos recolectados
2022-10-14 02:17:12,952 INFO     Consulta nueva va a ser realizada
2022-10-14 02:17:12,953 INFO     La cedula a ser consultada es: 108280186
2022-10-14 02:17:14,498 INFO     Datos recolectados
2022-10-14 02:17:17,342 INFO     Consulta nueva va a ser realizada
2022-10-14 02:17:17,343 INFO     La cedula a ser consultada es: 108280187
2022-10-14 02:17:18,846 INFO     Datos recolectados
2022-10-14 02:17:21,913 INFO     Consulta nueva va a ser realizada
2022-10-14 02:17:21,914 INFO     La cedula a ser consultada es: 108280188
2022-10-14 02:17:23,471 INFO     Datos recolectados
2022-10-14 02:17:26,575 INFO     Consulta nueva va a ser realizada
2022-10-14 02:17:26,576 INFO     La cedula a ser consultada es: 108280189
2022-10-14 02:17:28,215 INFO     Datos recolectados
2022-10-14 02:17:31,173 INFO     Consulta nueva va a ser realizada
2022-10-14 02:17:31,173 INFO     La cedula a ser consultada es: 108280190
2022-10-14 02:17:32,712 INFO     Datos recolectados
2022-10-14 02:17:35,783 INFO     Consulta nueva va a ser realizada
2022-10-14 02:17:35,783 INFO     La cedula a ser consultada es: 108280191
2022-10-14 02:17:37,341 INFO     Datos recolectados
2022-10-14 02:17:40,818 INFO     Consulta nueva va a ser realizada
2022-10-14 02:17:40,819 INFO     La cedula a ser consultada es: 108280192
2022-10-14 02:17:42,672 INFO     Datos recolectados
2022-10-14 02:17:46,164 INFO     Consulta nueva va a ser realizada
2022-10-14 02:17:46,164 INFO     La cedula a ser consultada es: 108280193
2022-10-14 02:17:47,956 INFO     Datos recolectados
2022-10-14 02:17:51,135 INFO     Consulta nueva va a ser realizada
2022-10-14 02:17:51,135 INFO     La cedula a ser consultada es: 108280194
2022-10-14 02:17:52,659 INFO     Datos recolectados
2022-10-14 02:17:55,745 INFO     Consulta nueva va a ser realizada
2022-10-14 02:17:55,745 INFO     La cedula a ser consultada es: 108280195
2022-10-14 02:17:58,049 INFO     Datos recolectados
2022-10-14 02:18:01,191 INFO     Consulta nueva va a ser realizada
2022-10-14 02:18:01,192 INFO     La cedula a ser consultada es: 108280196
2022-10-14 02:18:02,791 INFO     Datos recolectados
2022-10-14 02:18:05,804 INFO     Consulta nueva va a ser realizada
2022-10-14 02:18:05,804 INFO     La cedula a ser consultada es: 108280197
2022-10-14 02:18:07,305 INFO     Datos recolectados
2022-10-14 02:18:10,388 INFO     Consulta nueva va a ser realizada
2022-10-14 02:18:10,388 INFO     La cedula a ser consultada es: 108280198
2022-10-14 02:18:12,418 INFO     Datos recolectados
2022-10-14 02:18:16,076 INFO     Consulta nueva va a ser realizada
2022-10-14 02:18:16,076 INFO     La cedula a ser consultada es: 108280199
2022-10-14 02:18:17,768 INFO     Datos recolectados
2022-10-14 02:18:21,129 INFO     Consulta nueva va a ser realizada
2022-10-14 02:18:21,130 INFO     La cedula a ser consultada es: 108280200
2022-10-14 02:18:22,979 INFO     Datos recolectados
2022-10-14 02:18:26,048 INFO     Consulta nueva va a ser realizada
2022-10-14 02:18:26,049 INFO     La cedula a ser consultada es: 108280201
2022-10-14 02:18:27,614 INFO     Datos recolectados
2022-10-14 02:18:30,530 INFO     Consulta nueva va a ser realizada
2022-10-14 02:18:30,531 INFO     La cedula a ser consultada es: 108280202
2022-10-14 02:18:32,245 INFO     Datos recolectados
2022-10-14 02:18:35,378 INFO     Consulta nueva va a ser realizada
2022-10-14 02:18:35,378 INFO     La cedula a ser consultada es: 108280203
2022-10-14 02:18:36,980 INFO     Datos recolectados
2022-10-14 02:18:41,083 INFO     Consulta nueva va a ser realizada
2022-10-14 02:18:41,084 INFO     La cedula a ser consultada es: 108280204
2022-10-14 02:18:42,740 INFO     Datos recolectados
2022-10-14 02:18:46,057 INFO     Consulta nueva va a ser realizada
2022-10-14 02:18:46,057 INFO     La cedula a ser consultada es: 108280205
2022-10-14 02:18:47,743 INFO     Datos recolectados
2022-10-14 02:18:50,747 INFO     Consulta nueva va a ser realizada
2022-10-14 02:18:50,748 INFO     La cedula a ser consultada es: 108280206
2022-10-14 02:18:52,400 INFO     Datos recolectados
2022-10-14 02:18:55,796 INFO     Consulta nueva va a ser realizada
2022-10-14 02:18:55,796 INFO     La cedula a ser consultada es: 108280207
2022-10-14 02:18:57,717 INFO     Datos recolectados
2022-10-14 02:19:01,419 INFO     Consulta nueva va a ser realizada
2022-10-14 02:19:01,419 INFO     La cedula a ser consultada es: 108280208
2022-10-14 02:19:03,164 INFO     Datos recolectados
2022-10-14 02:19:06,070 INFO     Consulta nueva va a ser realizada
2022-10-14 02:19:06,070 INFO     La cedula a ser consultada es: 108280209
2022-10-14 02:19:07,591 INFO     Datos recolectados
2022-10-14 02:19:11,277 INFO     Consulta nueva va a ser realizada
2022-10-14 02:19:11,278 INFO     La cedula a ser consultada es: 108280210
2022-10-14 02:19:13,089 INFO     Datos recolectados
2022-10-14 02:19:16,192 INFO     Consulta nueva va a ser realizada
2022-10-14 02:19:16,193 INFO     La cedula a ser consultada es: 108280211
2022-10-14 02:19:18,212 INFO     Datos recolectados
2022-10-14 02:19:21,474 INFO     Consulta nueva va a ser realizada
2022-10-14 02:19:21,474 INFO     La cedula a ser consultada es: 108280212
2022-10-14 02:19:23,167 INFO     Datos recolectados
2022-10-14 02:19:26,520 INFO     Consulta nueva va a ser realizada
2022-10-14 02:19:26,520 INFO     La cedula a ser consultada es: 108280213
2022-10-14 02:19:28,142 INFO     Datos recolectados
2022-10-14 02:19:31,737 INFO     Consulta nueva va a ser realizada
2022-10-14 02:19:31,737 INFO     La cedula a ser consultada es: 108280214
2022-10-14 02:19:33,389 INFO     Datos recolectados
2022-10-14 02:19:38,144 INFO     Consulta nueva va a ser realizada
2022-10-14 02:19:38,145 INFO     La cedula a ser consultada es: 108280215
2022-10-14 02:19:40,329 INFO     Datos recolectados
2022-10-14 02:19:43,584 INFO     Consulta nueva va a ser realizada
2022-10-14 02:19:43,584 INFO     La cedula a ser consultada es: 108280216
2022-10-14 02:19:45,177 INFO     Datos recolectados
2022-10-14 02:19:48,092 INFO     Consulta nueva va a ser realizada
2022-10-14 02:19:48,092 INFO     La cedula a ser consultada es: 108280217
2022-10-14 02:19:49,644 INFO     Datos recolectados
2022-10-14 02:19:52,556 INFO     Consulta nueva va a ser realizada
2022-10-14 02:19:52,557 INFO     La cedula a ser consultada es: 108280218
2022-10-14 02:19:54,105 INFO     Datos recolectados
2022-10-14 02:19:57,087 INFO     Consulta nueva va a ser realizada
2022-10-14 02:19:57,088 INFO     La cedula a ser consultada es: 108280219
2022-10-14 02:19:58,656 INFO     Datos recolectados
2022-10-14 02:20:01,816 INFO     Consulta nueva va a ser realizada
2022-10-14 02:20:01,816 INFO     La cedula a ser consultada es: 108280220
2022-10-14 02:20:03,334 INFO     Datos recolectados
2022-10-14 02:20:06,293 INFO     Consulta nueva va a ser realizada
2022-10-14 02:20:06,293 INFO     La cedula a ser consultada es: 108280221
2022-10-14 02:20:07,800 INFO     Datos recolectados
2022-10-14 02:20:10,833 INFO     Consulta nueva va a ser realizada
2022-10-14 02:20:10,833 INFO     La cedula a ser consultada es: 108280222
2022-10-14 02:20:12,410 INFO     Datos recolectados
2022-10-14 02:20:15,418 INFO     Consulta nueva va a ser realizada
2022-10-14 02:20:15,418 INFO     La cedula a ser consultada es: 108280223
2022-10-14 02:20:16,997 INFO     Datos recolectados
2022-10-14 02:20:20,121 INFO     Consulta nueva va a ser realizada
2022-10-14 02:20:20,122 INFO     La cedula a ser consultada es: 108280224
2022-10-14 02:20:21,678 INFO     Datos recolectados
2022-10-14 02:20:24,588 INFO     Consulta nueva va a ser realizada
2022-10-14 02:20:24,589 INFO     La cedula a ser consultada es: 108280225
2022-10-14 02:20:25,719 ERROR    Datos no recolectados
2022-10-14 02:20:25,741 ERROR    Cedula no encontrada
2022-10-14 02:20:32,259 INFO     Consulta nueva va a ser realizada
2022-10-14 02:20:32,260 INFO     La cedula a ser consultada es: 108280226
2022-10-14 02:20:33,804 INFO     Datos recolectados
2022-10-14 02:20:36,684 INFO     Consulta nueva va a ser realizada
2022-10-14 02:20:36,685 INFO     La cedula a ser consultada es: 108280227
2022-10-14 02:20:38,217 INFO     Datos recolectados
2022-10-14 02:20:41,220 INFO     Consulta nueva va a ser realizada
2022-10-14 02:20:41,220 INFO     La cedula a ser consultada es: 108280228
2022-10-14 02:20:42,728 INFO     Datos recolectados
2022-10-14 02:20:45,714 INFO     Consulta nueva va a ser realizada
2022-10-14 02:20:45,714 INFO     La cedula a ser consultada es: 108280229
2022-10-14 02:20:47,229 INFO     Datos recolectados
2022-10-14 02:20:50,326 INFO     Consulta nueva va a ser realizada
2022-10-14 02:20:50,327 INFO     La cedula a ser consultada es: 108280230
2022-10-14 02:20:51,858 INFO     Datos recolectados
2022-10-14 02:20:54,964 INFO     Consulta nueva va a ser realizada
2022-10-14 02:20:54,964 INFO     La cedula a ser consultada es: 108280231
2022-10-14 02:20:56,549 INFO     Datos recolectados
2022-10-14 02:20:59,518 INFO     Consulta nueva va a ser realizada
2022-10-14 02:20:59,518 INFO     La cedula a ser consultada es: 108280232
2022-10-14 02:21:01,021 INFO     Datos recolectados
2022-10-14 02:21:03,946 INFO     Consulta nueva va a ser realizada
2022-10-14 02:21:03,946 INFO     La cedula a ser consultada es: 108280233
2022-10-14 02:21:05,492 INFO     Datos recolectados
2022-10-14 02:21:08,464 INFO     Consulta nueva va a ser realizada
2022-10-14 02:21:08,464 INFO     La cedula a ser consultada es: 108280234
2022-10-14 02:21:10,081 INFO     Datos recolectados
2022-10-14 02:21:13,071 INFO     Consulta nueva va a ser realizada
2022-10-14 02:21:13,071 INFO     La cedula a ser consultada es: 108280235
2022-10-14 02:21:14,614 INFO     Datos recolectados
2022-10-14 02:21:17,540 INFO     Consulta nueva va a ser realizada
2022-10-14 02:21:17,540 INFO     La cedula a ser consultada es: 108280236
2022-10-14 02:21:19,172 INFO     Datos recolectados
2022-10-14 02:21:22,199 INFO     Consulta nueva va a ser realizada
2022-10-14 02:21:22,199 INFO     La cedula a ser consultada es: 108280237
2022-10-14 02:21:24,629 INFO     Datos recolectados
2022-10-14 02:21:28,188 INFO     Consulta nueva va a ser realizada
2022-10-14 02:21:28,188 INFO     La cedula a ser consultada es: 108280238
2022-10-14 02:21:29,797 INFO     Datos recolectados
2022-10-14 02:21:32,882 INFO     Consulta nueva va a ser realizada
2022-10-14 02:21:32,883 INFO     La cedula a ser consultada es: 108280239
2022-10-14 02:21:33,229 ERROR    Cedula no encontrada
