2022-10-13 23:14:43,902 INFO     Pagina accesada correctamente
2022-10-13 23:14:48,157 INFO     Consulta nueva va a ser realizada
2022-10-13 23:14:48,157 INFO     La cedula a ser consultada es: 108260739
2022-10-13 23:14:50,253 INFO     Datos recolectados
2022-10-13 23:14:55,342 INFO     Consulta nueva va a ser realizada
2022-10-13 23:14:55,343 INFO     La cedula a ser consultada es: 108260740
2022-10-13 23:14:57,686 INFO     Datos recolectados
2022-10-13 23:15:04,893 INFO     Consulta nueva va a ser realizada
2022-10-13 23:15:04,894 INFO     La cedula a ser consultada es: 108260741
2022-10-13 23:15:07,753 INFO     Datos recolectados
2022-10-13 23:15:15,189 INFO     Consulta nueva va a ser realizada
2022-10-13 23:15:15,189 INFO     La cedula a ser consultada es: 108260742
2022-10-13 23:15:17,064 INFO     Datos recolectados
2022-10-13 23:15:21,806 INFO     Consulta nueva va a ser realizada
2022-10-13 23:15:21,806 INFO     La cedula a ser consultada es: 108260743
2022-10-13 23:15:23,343 INFO     Datos recolectados
2022-10-13 23:15:28,144 INFO     Consulta nueva va a ser realizada
2022-10-13 23:15:28,144 INFO     La cedula a ser consultada es: 108260744
2022-10-13 23:15:29,696 INFO     Datos recolectados
2022-10-13 23:15:34,370 INFO     Consulta nueva va a ser realizada
2022-10-13 23:15:34,370 INFO     La cedula a ser consultada es: 108260745
2022-10-13 23:15:35,934 INFO     Datos recolectados
2022-10-13 23:15:40,657 INFO     Consulta nueva va a ser realizada
2022-10-13 23:15:40,658 INFO     La cedula a ser consultada es: 108260746
2022-10-13 23:15:42,256 INFO     Datos recolectados
2022-10-13 23:15:47,003 INFO     Consulta nueva va a ser realizada
2022-10-13 23:15:47,003 INFO     La cedula a ser consultada es: 108260747
2022-10-13 23:15:48,596 INFO     Datos recolectados
2022-10-13 23:15:53,392 INFO     Consulta nueva va a ser realizada
2022-10-13 23:15:53,393 INFO     La cedula a ser consultada es: 108260748
2022-10-13 23:15:54,936 INFO     Datos recolectados
2022-10-13 23:15:59,659 INFO     Consulta nueva va a ser realizada
2022-10-13 23:15:59,659 INFO     La cedula a ser consultada es: 108260749
2022-10-13 23:16:01,201 INFO     Datos recolectados
2022-10-13 23:16:05,869 INFO     Consulta nueva va a ser realizada
2022-10-13 23:16:05,870 INFO     La cedula a ser consultada es: 108260750
2022-10-13 23:16:07,387 INFO     Datos recolectados
2022-10-13 23:16:12,127 INFO     Consulta nueva va a ser realizada
2022-10-13 23:16:12,127 INFO     La cedula a ser consultada es: 108260751
2022-10-13 23:16:13,645 INFO     Datos recolectados
2022-10-13 23:16:18,350 INFO     Consulta nueva va a ser realizada
2022-10-13 23:16:18,351 INFO     La cedula a ser consultada es: 108260752
2022-10-13 23:16:19,995 INFO     Datos recolectados
2022-10-13 23:16:25,521 INFO     Consulta nueva va a ser realizada
2022-10-13 23:16:25,521 INFO     La cedula a ser consultada es: 108260753
2022-10-13 23:16:27,125 INFO     Datos recolectados
2022-10-13 23:16:31,803 INFO     Consulta nueva va a ser realizada
2022-10-13 23:16:31,804 INFO     La cedula a ser consultada es: 108260754
2022-10-13 23:16:33,372 INFO     Datos recolectados
2022-10-13 23:16:38,137 INFO     Consulta nueva va a ser realizada
2022-10-13 23:16:38,137 INFO     La cedula a ser consultada es: 108260755
2022-10-13 23:16:39,688 INFO     Datos recolectados
2022-10-13 23:16:44,577 INFO     Consulta nueva va a ser realizada
2022-10-13 23:16:44,577 INFO     La cedula a ser consultada es: 108260756
2022-10-13 23:16:46,118 INFO     Datos recolectados
2022-10-13 23:16:50,822 INFO     Consulta nueva va a ser realizada
2022-10-13 23:16:50,823 INFO     La cedula a ser consultada es: 108260757
2022-10-13 23:16:52,325 INFO     Datos recolectados
2022-10-13 23:16:56,941 INFO     Consulta nueva va a ser realizada
2022-10-13 23:16:56,941 INFO     La cedula a ser consultada es: 108260758
2022-10-13 23:16:58,465 INFO     Datos recolectados
2022-10-13 23:17:03,094 INFO     Consulta nueva va a ser realizada
2022-10-13 23:17:03,095 INFO     La cedula a ser consultada es: 108260759
2022-10-13 23:17:04,592 INFO     Datos recolectados
2022-10-13 23:17:09,378 INFO     Consulta nueva va a ser realizada
2022-10-13 23:17:09,378 INFO     La cedula a ser consultada es: 108260760
2022-10-13 23:17:10,886 INFO     Datos recolectados
2022-10-13 23:17:15,556 INFO     Consulta nueva va a ser realizada
2022-10-13 23:17:15,556 INFO     La cedula a ser consultada es: 108260761
2022-10-13 23:17:17,092 INFO     Datos recolectados
2022-10-13 23:17:21,776 INFO     Consulta nueva va a ser realizada
2022-10-13 23:17:21,776 INFO     La cedula a ser consultada es: 108260762
2022-10-13 23:17:23,319 INFO     Datos recolectados
2022-10-13 23:17:28,075 INFO     Consulta nueva va a ser realizada
2022-10-13 23:17:28,076 INFO     La cedula a ser consultada es: 108260763
2022-10-13 23:17:29,214 ERROR    Datos no recolectados
2022-10-13 23:17:29,231 ERROR    Cedula no encontrada
2022-10-13 23:17:41,194 INFO     Consulta nueva va a ser realizada
2022-10-13 23:17:41,195 INFO     La cedula a ser consultada es: 108260764
2022-10-13 23:17:42,737 INFO     Datos recolectados
2022-10-13 23:17:47,431 INFO     Consulta nueva va a ser realizada
2022-10-13 23:17:47,431 INFO     La cedula a ser consultada es: 108260765
2022-10-13 23:17:48,969 INFO     Datos recolectados
2022-10-13 23:17:54,830 INFO     Consulta nueva va a ser realizada
2022-10-13 23:17:54,830 INFO     La cedula a ser consultada es: 108260766
2022-10-13 23:17:56,418 INFO     Datos recolectados
2022-10-13 23:18:02,250 INFO     Consulta nueva va a ser realizada
2022-10-13 23:18:02,250 INFO     La cedula a ser consultada es: 108260767
2022-10-13 23:18:03,776 INFO     Datos recolectados
2022-10-13 23:18:08,758 INFO     Consulta nueva va a ser realizada
2022-10-13 23:18:08,758 INFO     La cedula a ser consultada es: 108260768
2022-10-13 23:18:10,276 INFO     Datos recolectados
2022-10-13 23:18:14,975 INFO     Consulta nueva va a ser realizada
2022-10-13 23:18:14,975 INFO     La cedula a ser consultada es: 108260769
2022-10-13 23:18:16,659 INFO     Datos recolectados
2022-10-13 23:18:21,511 INFO     Consulta nueva va a ser realizada
2022-10-13 23:18:21,512 INFO     La cedula a ser consultada es: 108260770
2022-10-13 23:18:23,091 INFO     Datos recolectados
2022-10-13 23:18:27,986 INFO     Consulta nueva va a ser realizada
2022-10-13 23:18:27,986 INFO     La cedula a ser consultada es: 108260771
2022-10-13 23:18:29,604 INFO     Datos recolectados
2022-10-13 23:18:34,433 INFO     Consulta nueva va a ser realizada
2022-10-13 23:18:34,433 INFO     La cedula a ser consultada es: 108260772
2022-10-13 23:18:35,980 INFO     Datos recolectados
2022-10-13 23:18:40,855 INFO     Consulta nueva va a ser realizada
2022-10-13 23:18:40,855 INFO     La cedula a ser consultada es: 108260773
2022-10-13 23:18:42,551 INFO     Datos recolectados
2022-10-13 23:18:47,466 INFO     Consulta nueva va a ser realizada
2022-10-13 23:18:47,466 INFO     La cedula a ser consultada es: 108260774
2022-10-13 23:18:49,035 INFO     Datos recolectados
2022-10-13 23:18:53,953 INFO     Consulta nueva va a ser realizada
2022-10-13 23:18:53,953 INFO     La cedula a ser consultada es: 108260775
2022-10-13 23:18:55,546 INFO     Datos recolectados
2022-10-13 23:19:00,489 INFO     Consulta nueva va a ser realizada
2022-10-13 23:19:00,489 INFO     La cedula a ser consultada es: 108260776
2022-10-13 23:19:01,647 ERROR    Datos no recolectados
2022-10-13 23:19:01,675 ERROR    Cedula no encontrada
2022-10-13 23:19:13,058 INFO     Consulta nueva va a ser realizada
2022-10-13 23:19:13,059 INFO     La cedula a ser consultada es: 108260777
2022-10-13 23:19:14,205 ERROR    Datos no recolectados
2022-10-13 23:19:14,227 ERROR    Cedula no encontrada
2022-10-13 23:19:25,600 INFO     Consulta nueva va a ser realizada
2022-10-13 23:19:25,600 INFO     La cedula a ser consultada es: 108260778
2022-10-13 23:19:27,465 INFO     Datos recolectados
2022-10-13 23:19:32,489 INFO     Consulta nueva va a ser realizada
2022-10-13 23:19:32,489 INFO     La cedula a ser consultada es: 108260779
2022-10-13 23:19:34,101 INFO     Datos recolectados
2022-10-13 23:19:39,046 INFO     Consulta nueva va a ser realizada
2022-10-13 23:19:39,046 INFO     La cedula a ser consultada es: 108260780
2022-10-13 23:19:40,581 INFO     Datos recolectados
2022-10-13 23:19:45,654 INFO     Consulta nueva va a ser realizada
2022-10-13 23:19:45,654 INFO     La cedula a ser consultada es: 108260781
2022-10-13 23:19:47,352 INFO     Datos recolectados
2022-10-13 23:19:52,440 INFO     Consulta nueva va a ser realizada
2022-10-13 23:19:52,440 INFO     La cedula a ser consultada es: 108260782
2022-10-13 23:19:54,212 INFO     Datos recolectados
2022-10-13 23:19:59,104 INFO     Consulta nueva va a ser realizada
2022-10-13 23:19:59,104 INFO     La cedula a ser consultada es: 108260783
2022-10-13 23:20:00,262 ERROR    Datos no recolectados
2022-10-13 23:20:00,281 ERROR    Cedula no encontrada
2022-10-13 23:20:11,692 INFO     Consulta nueva va a ser realizada
2022-10-13 23:20:11,693 INFO     La cedula a ser consultada es: 108260784
2022-10-13 23:20:13,308 INFO     Datos recolectados
2022-10-13 23:20:18,289 INFO     Consulta nueva va a ser realizada
2022-10-13 23:20:18,289 INFO     La cedula a ser consultada es: 108260785
2022-10-13 23:20:19,429 ERROR    Datos no recolectados
2022-10-13 23:20:19,449 ERROR    Cedula no encontrada
2022-10-13 23:20:31,653 INFO     Consulta nueva va a ser realizada
2022-10-13 23:20:31,653 INFO     La cedula a ser consultada es: 108260786
2022-10-13 23:20:33,446 INFO     Datos recolectados
2022-10-13 23:20:38,774 INFO     Consulta nueva va a ser realizada
2022-10-13 23:20:38,775 INFO     La cedula a ser consultada es: 108260787
2022-10-13 23:20:40,656 INFO     Datos recolectados
2022-10-13 23:20:46,149 INFO     Consulta nueva va a ser realizada
2022-10-13 23:20:46,150 INFO     La cedula a ser consultada es: 108260788
2022-10-13 23:20:47,933 INFO     Datos recolectados
2022-10-13 23:20:53,158 INFO     Consulta nueva va a ser realizada
2022-10-13 23:20:53,159 INFO     La cedula a ser consultada es: 108260789
2022-10-13 23:20:55,041 INFO     Datos recolectados
2022-10-13 23:21:00,410 INFO     Consulta nueva va a ser realizada
2022-10-13 23:21:00,410 INFO     La cedula a ser consultada es: 108260790
2022-10-13 23:21:02,277 INFO     Datos recolectados
2022-10-13 23:21:07,587 INFO     Consulta nueva va a ser realizada
2022-10-13 23:21:07,587 INFO     La cedula a ser consultada es: 108260791
2022-10-13 23:21:09,200 INFO     Datos recolectados
2022-10-13 23:21:14,276 INFO     Consulta nueva va a ser realizada
2022-10-13 23:21:14,277 INFO     La cedula a ser consultada es: 108260792
2022-10-13 23:21:15,960 INFO     Datos recolectados
2022-10-13 23:21:20,934 INFO     Consulta nueva va a ser realizada
2022-10-13 23:21:20,934 INFO     La cedula a ser consultada es: 108260793
2022-10-13 23:21:22,674 INFO     Datos recolectados
2022-10-13 23:21:27,787 INFO     Consulta nueva va a ser realizada
2022-10-13 23:21:27,787 INFO     La cedula a ser consultada es: 108260794
2022-10-13 23:21:29,508 INFO     Datos recolectados
2022-10-13 23:21:34,862 INFO     Consulta nueva va a ser realizada
2022-10-13 23:21:34,863 INFO     La cedula a ser consultada es: 108260795
2022-10-13 23:21:36,538 INFO     Datos recolectados
2022-10-13 23:21:41,685 INFO     Consulta nueva va a ser realizada
2022-10-13 23:21:41,686 INFO     La cedula a ser consultada es: 108260796
2022-10-13 23:21:43,579 INFO     Datos recolectados
2022-10-13 23:21:48,761 INFO     Consulta nueva va a ser realizada
2022-10-13 23:21:48,761 INFO     La cedula a ser consultada es: 108260797
2022-10-13 23:21:50,603 INFO     Datos recolectados
2022-10-13 23:21:55,908 INFO     Consulta nueva va a ser realizada
2022-10-13 23:21:55,909 INFO     La cedula a ser consultada es: 108260798
2022-10-13 23:21:57,680 INFO     Datos recolectados
2022-10-13 23:22:02,632 INFO     Consulta nueva va a ser realizada
2022-10-13 23:22:02,632 INFO     La cedula a ser consultada es: 108260799
2022-10-13 23:22:04,458 INFO     Datos recolectados
2022-10-13 23:22:09,858 INFO     Consulta nueva va a ser realizada
2022-10-13 23:22:09,859 INFO     La cedula a ser consultada es: 108260800
2022-10-13 23:22:11,513 INFO     Datos recolectados
2022-10-13 23:22:16,625 INFO     Consulta nueva va a ser realizada
2022-10-13 23:22:16,625 INFO     La cedula a ser consultada es: 108260801
2022-10-13 23:22:18,410 INFO     Datos recolectados
2022-10-13 23:22:23,496 INFO     Consulta nueva va a ser realizada
2022-10-13 23:22:23,496 INFO     La cedula a ser consultada es: 108260802
2022-10-13 23:22:25,230 INFO     Datos recolectados
2022-10-13 23:22:30,177 INFO     Consulta nueva va a ser realizada
2022-10-13 23:22:30,177 INFO     La cedula a ser consultada es: 108260803
2022-10-13 23:22:31,864 INFO     Datos recolectados
2022-10-13 23:22:36,989 INFO     Consulta nueva va a ser realizada
2022-10-13 23:22:36,990 INFO     La cedula a ser consultada es: 108260804
2022-10-13 23:22:38,616 INFO     Datos recolectados
2022-10-13 23:22:43,590 INFO     Consulta nueva va a ser realizada
2022-10-13 23:22:43,591 INFO     La cedula a ser consultada es: 108260805
2022-10-13 23:22:45,162 INFO     Datos recolectados
2022-10-13 23:22:50,317 INFO     Consulta nueva va a ser realizada
2022-10-13 23:22:50,317 INFO     La cedula a ser consultada es: 108260806
2022-10-13 23:22:52,074 INFO     Datos recolectados
2022-10-13 23:22:57,093 INFO     Consulta nueva va a ser realizada
2022-10-13 23:22:57,093 INFO     La cedula a ser consultada es: 108260807
2022-10-13 23:22:58,737 INFO     Datos recolectados
2022-10-13 23:23:03,848 INFO     Consulta nueva va a ser realizada
2022-10-13 23:23:03,849 INFO     La cedula a ser consultada es: 108260808
2022-10-13 23:23:05,560 INFO     Datos recolectados
2022-10-13 23:23:10,555 INFO     Consulta nueva va a ser realizada
2022-10-13 23:23:10,556 INFO     La cedula a ser consultada es: 108260809
2022-10-13 23:23:12,211 INFO     Datos recolectados
2022-10-13 23:23:17,307 INFO     Consulta nueva va a ser realizada
2022-10-13 23:23:17,308 INFO     La cedula a ser consultada es: 108260810
2022-10-13 23:23:19,057 INFO     Datos recolectados
2022-10-13 23:23:24,250 INFO     Consulta nueva va a ser realizada
2022-10-13 23:23:24,250 INFO     La cedula a ser consultada es: 108260811
2022-10-13 23:23:25,996 INFO     Datos recolectados
2022-10-13 23:23:31,154 INFO     Consulta nueva va a ser realizada
2022-10-13 23:23:31,155 INFO     La cedula a ser consultada es: 108260812
2022-10-13 23:23:32,932 INFO     Datos recolectados
2022-10-13 23:23:38,180 INFO     Consulta nueva va a ser realizada
2022-10-13 23:23:38,180 INFO     La cedula a ser consultada es: 108260813
2022-10-13 23:23:39,841 INFO     Datos recolectados
2022-10-13 23:23:45,062 INFO     Consulta nueva va a ser realizada
2022-10-13 23:23:45,063 INFO     La cedula a ser consultada es: 108260814
2022-10-13 23:23:46,918 INFO     Datos recolectados
2022-10-13 23:23:51,966 INFO     Consulta nueva va a ser realizada
2022-10-13 23:23:51,967 INFO     La cedula a ser consultada es: 108260815
2022-10-13 23:23:53,675 INFO     Datos recolectados
2022-10-13 23:23:58,603 INFO     Consulta nueva va a ser realizada
2022-10-13 23:23:58,604 INFO     La cedula a ser consultada es: 108260816
2022-10-13 23:24:00,360 INFO     Datos recolectados
2022-10-13 23:24:05,245 INFO     Consulta nueva va a ser realizada
2022-10-13 23:24:05,245 INFO     La cedula a ser consultada es: 108260817
2022-10-13 23:24:06,829 INFO     Datos recolectados
2022-10-13 23:24:11,706 INFO     Consulta nueva va a ser realizada
2022-10-13 23:24:11,706 INFO     La cedula a ser consultada es: 108260818
2022-10-13 23:24:13,264 INFO     Datos recolectados
2022-10-13 23:24:18,156 INFO     Consulta nueva va a ser realizada
2022-10-13 23:24:18,157 INFO     La cedula a ser consultada es: 108260819
2022-10-13 23:24:19,743 INFO     Datos recolectados
2022-10-13 23:24:24,748 INFO     Consulta nueva va a ser realizada
2022-10-13 23:24:24,749 INFO     La cedula a ser consultada es: 108260820
2022-10-13 23:24:26,317 INFO     Datos recolectados
2022-10-13 23:24:31,206 INFO     Consulta nueva va a ser realizada
2022-10-13 23:24:31,206 INFO     La cedula a ser consultada es: 108260821
2022-10-13 23:24:32,769 INFO     Datos recolectados
2022-10-13 23:24:37,727 INFO     Consulta nueva va a ser realizada
2022-10-13 23:24:37,728 INFO     La cedula a ser consultada es: 108260822
2022-10-13 23:24:39,299 INFO     Datos recolectados
2022-10-13 23:24:44,193 INFO     Consulta nueva va a ser realizada
2022-10-13 23:24:44,193 INFO     La cedula a ser consultada es: 108260823
2022-10-13 23:24:45,801 INFO     Datos recolectados
2022-10-13 23:24:50,681 INFO     Consulta nueva va a ser realizada
2022-10-13 23:24:50,682 INFO     La cedula a ser consultada es: 108260824
2022-10-13 23:24:52,262 INFO     Datos recolectados
2022-10-13 23:24:57,259 INFO     Consulta nueva va a ser realizada
2022-10-13 23:24:57,259 INFO     La cedula a ser consultada es: 108260825
2022-10-13 23:24:58,819 INFO     Datos recolectados
2022-10-13 23:25:04,389 INFO     Consulta nueva va a ser realizada
2022-10-13 23:25:04,389 INFO     La cedula a ser consultada es: 108260826
2022-10-13 23:25:05,954 INFO     Datos recolectados
2022-10-13 23:25:10,724 INFO     Consulta nueva va a ser realizada
2022-10-13 23:25:10,724 INFO     La cedula a ser consultada es: 108260827
2022-10-13 23:25:12,314 INFO     Datos recolectados
2022-10-13 23:25:17,226 INFO     Consulta nueva va a ser realizada
2022-10-13 23:25:17,227 INFO     La cedula a ser consultada es: 108260828
2022-10-13 23:25:18,730 INFO     Datos recolectados
2022-10-13 23:25:23,486 INFO     Consulta nueva va a ser realizada
2022-10-13 23:25:23,486 INFO     La cedula a ser consultada es: 108260829
2022-10-13 23:25:25,034 INFO     Datos recolectados
2022-10-13 23:25:29,793 INFO     Consulta nueva va a ser realizada
2022-10-13 23:25:29,793 INFO     La cedula a ser consultada es: 108260830
2022-10-13 23:25:31,374 INFO     Datos recolectados
2022-10-13 23:25:38,054 INFO     Consulta nueva va a ser realizada
2022-10-13 23:25:38,054 INFO     La cedula a ser consultada es: 108260831
2022-10-13 23:25:39,808 INFO     Datos recolectados
2022-10-13 23:25:47,780 INFO     Consulta nueva va a ser realizada
2022-10-13 23:25:47,781 INFO     La cedula a ser consultada es: 108260832
2022-10-13 23:25:50,627 INFO     Datos recolectados
2022-10-13 23:25:55,887 INFO     Consulta nueva va a ser realizada
2022-10-13 23:25:55,887 INFO     La cedula a ser consultada es: 108260833
2022-10-13 23:26:00,059 INFO     Datos recolectados
2022-10-13 23:26:06,036 INFO     Consulta nueva va a ser realizada
2022-10-13 23:26:06,036 INFO     La cedula a ser consultada es: 108260834
2022-10-13 23:26:08,082 INFO     Datos recolectados
2022-10-13 23:26:13,456 INFO     Consulta nueva va a ser realizada
2022-10-13 23:26:13,457 INFO     La cedula a ser consultada es: 108260835
2022-10-13 23:26:14,671 ERROR    Datos no recolectados
2022-10-13 23:26:14,704 ERROR    Cedula no encontrada
2022-10-13 23:26:27,151 INFO     Consulta nueva va a ser realizada
2022-10-13 23:26:27,151 INFO     La cedula a ser consultada es: 108260836
2022-10-13 23:26:29,045 INFO     Datos recolectados
2022-10-13 23:26:35,346 INFO     Consulta nueva va a ser realizada
2022-10-13 23:26:35,346 INFO     La cedula a ser consultada es: 108260837
2022-10-13 23:26:37,443 INFO     Datos recolectados
2022-10-13 23:26:44,903 INFO     Consulta nueva va a ser realizada
2022-10-13 23:26:44,904 INFO     La cedula a ser consultada es: 108260838
2022-10-13 23:26:46,837 INFO     Datos recolectados
2022-10-13 23:26:53,632 INFO     Consulta nueva va a ser realizada
2022-10-13 23:26:53,633 INFO     La cedula a ser consultada es: 108260839
2022-10-13 23:26:57,820 INFO     Datos recolectados
2022-10-13 23:27:06,576 INFO     Consulta nueva va a ser realizada
2022-10-13 23:27:06,576 INFO     La cedula a ser consultada es: 108260840
2022-10-13 23:27:10,111 INFO     Datos recolectados
2022-10-13 23:27:16,900 INFO     Consulta nueva va a ser realizada
2022-10-13 23:27:16,900 INFO     La cedula a ser consultada es: 108260841
2022-10-13 23:27:19,076 INFO     Datos recolectados
2022-10-13 23:27:26,025 INFO     Consulta nueva va a ser realizada
2022-10-13 23:27:26,025 INFO     La cedula a ser consultada es: 108260842
2022-10-13 23:27:28,376 INFO     Datos recolectados
2022-10-13 23:27:34,955 INFO     Consulta nueva va a ser realizada
2022-10-13 23:27:34,956 INFO     La cedula a ser consultada es: 108260843
2022-10-13 23:27:36,753 INFO     Datos recolectados
2022-10-13 23:27:42,306 INFO     Consulta nueva va a ser realizada
2022-10-13 23:27:42,307 INFO     La cedula a ser consultada es: 108260844
2022-10-13 23:27:44,040 INFO     Datos recolectados
2022-10-13 23:27:49,353 INFO     Consulta nueva va a ser realizada
2022-10-13 23:27:49,353 INFO     La cedula a ser consultada es: 108260845
2022-10-13 23:27:51,106 INFO     Datos recolectados
2022-10-13 23:27:56,503 INFO     Consulta nueva va a ser realizada
2022-10-13 23:27:56,504 INFO     La cedula a ser consultada es: 108260846
2022-10-13 23:27:58,260 INFO     Datos recolectados
2022-10-13 23:28:03,533 INFO     Consulta nueva va a ser realizada
2022-10-13 23:28:03,533 INFO     La cedula a ser consultada es: 108260847
2022-10-13 23:28:05,265 INFO     Datos recolectados
2022-10-13 23:28:10,689 INFO     Consulta nueva va a ser realizada
2022-10-13 23:28:10,689 INFO     La cedula a ser consultada es: 108260848
2022-10-13 23:28:13,072 INFO     Datos recolectados
2022-10-13 23:28:18,581 INFO     Consulta nueva va a ser realizada
2022-10-13 23:28:18,581 INFO     La cedula a ser consultada es: 108260849
2022-10-13 23:28:20,312 INFO     Datos recolectados
2022-10-13 23:28:25,623 INFO     Consulta nueva va a ser realizada
2022-10-13 23:28:25,623 INFO     La cedula a ser consultada es: 108260850
2022-10-13 23:28:27,640 INFO     Datos recolectados
2022-10-13 23:28:32,590 INFO     Consulta nueva va a ser realizada
2022-10-13 23:28:32,590 INFO     La cedula a ser consultada es: 108260851
2022-10-13 23:28:34,631 INFO     Datos recolectados
2022-10-13 23:28:39,463 INFO     Consulta nueva va a ser realizada
2022-10-13 23:28:39,464 INFO     La cedula a ser consultada es: 108260852
2022-10-13 23:28:41,010 INFO     Datos recolectados
2022-10-13 23:28:47,961 INFO     Consulta nueva va a ser realizada
2022-10-13 23:28:47,962 INFO     La cedula a ser consultada es: 108260853
2022-10-13 23:28:49,990 INFO     Datos recolectados
2022-10-13 23:28:55,470 INFO     Consulta nueva va a ser realizada
2022-10-13 23:28:55,470 INFO     La cedula a ser consultada es: 108260854
2022-10-13 23:28:57,289 INFO     Datos recolectados
2022-10-13 23:29:02,158 INFO     Consulta nueva va a ser realizada
2022-10-13 23:29:02,158 INFO     La cedula a ser consultada es: 108260855
2022-10-13 23:29:03,675 INFO     Datos recolectados
2022-10-13 23:29:08,666 INFO     Consulta nueva va a ser realizada
2022-10-13 23:29:08,666 INFO     La cedula a ser consultada es: 108260856
2022-10-13 23:29:10,216 INFO     Datos recolectados
2022-10-13 23:29:14,914 INFO     Consulta nueva va a ser realizada
2022-10-13 23:29:14,914 INFO     La cedula a ser consultada es: 108260857
2022-10-13 23:29:16,466 INFO     Datos recolectados
2022-10-13 23:29:21,430 INFO     Consulta nueva va a ser realizada
2022-10-13 23:29:21,430 INFO     La cedula a ser consultada es: 108260858
2022-10-13 23:29:23,055 INFO     Datos recolectados
2022-10-13 23:29:27,909 INFO     Consulta nueva va a ser realizada
2022-10-13 23:29:27,909 INFO     La cedula a ser consultada es: 108260859
2022-10-13 23:29:29,062 ERROR    Datos no recolectados
2022-10-13 23:29:29,078 ERROR    Cedula no encontrada
2022-10-13 23:29:40,289 INFO     Consulta nueva va a ser realizada
2022-10-13 23:29:40,289 INFO     La cedula a ser consultada es: 108260860
2022-10-13 23:29:41,817 INFO     Datos recolectados
2022-10-13 23:29:46,586 INFO     Consulta nueva va a ser realizada
2022-10-13 23:29:46,586 INFO     La cedula a ser consultada es: 108260861
2022-10-13 23:29:48,136 INFO     Datos recolectados
2022-10-13 23:29:52,944 INFO     Consulta nueva va a ser realizada
2022-10-13 23:29:52,945 INFO     La cedula a ser consultada es: 108260862
2022-10-13 23:29:54,499 INFO     Datos recolectados
2022-10-13 23:29:59,389 INFO     Consulta nueva va a ser realizada
2022-10-13 23:29:59,389 INFO     La cedula a ser consultada es: 108260863
2022-10-13 23:30:00,949 INFO     Datos recolectados
2022-10-13 23:30:06,255 INFO     Consulta nueva va a ser realizada
2022-10-13 23:30:06,255 INFO     La cedula a ser consultada es: 108260864
2022-10-13 23:30:07,812 INFO     Datos recolectados
2022-10-13 23:30:12,610 INFO     Consulta nueva va a ser realizada
2022-10-13 23:30:12,610 INFO     La cedula a ser consultada es: 108260865
2022-10-13 23:30:14,133 INFO     Datos recolectados
2022-10-13 23:30:18,851 INFO     Consulta nueva va a ser realizada
2022-10-13 23:30:18,852 INFO     La cedula a ser consultada es: 108260866
2022-10-13 23:30:20,405 INFO     Datos recolectados
2022-10-13 23:30:25,123 INFO     Consulta nueva va a ser realizada
2022-10-13 23:30:25,123 INFO     La cedula a ser consultada es: 108260867
2022-10-13 23:30:26,662 INFO     Datos recolectados
2022-10-13 23:30:31,428 INFO     Consulta nueva va a ser realizada
2022-10-13 23:30:31,428 INFO     La cedula a ser consultada es: 108260868
2022-10-13 23:30:32,948 INFO     Datos recolectados
2022-10-13 23:30:37,669 INFO     Consulta nueva va a ser realizada
2022-10-13 23:30:37,669 INFO     La cedula a ser consultada es: 108260869
2022-10-13 23:30:39,185 INFO     Datos recolectados
2022-10-13 23:30:43,968 INFO     Consulta nueva va a ser realizada
2022-10-13 23:30:43,969 INFO     La cedula a ser consultada es: 108260870
2022-10-13 23:30:45,527 INFO     Datos recolectados
2022-10-13 23:30:50,301 INFO     Consulta nueva va a ser realizada
2022-10-13 23:30:50,302 INFO     La cedula a ser consultada es: 108260871
2022-10-13 23:30:51,863 INFO     Datos recolectados
2022-10-13 23:30:56,691 INFO     Consulta nueva va a ser realizada
2022-10-13 23:30:56,691 INFO     La cedula a ser consultada es: 108260872
2022-10-13 23:30:58,279 INFO     Datos recolectados
2022-10-13 23:31:03,091 INFO     Consulta nueva va a ser realizada
2022-10-13 23:31:03,092 INFO     La cedula a ser consultada es: 108260873
2022-10-13 23:31:04,663 INFO     Datos recolectados
2022-10-13 23:31:09,436 INFO     Consulta nueva va a ser realizada
2022-10-13 23:31:09,437 INFO     La cedula a ser consultada es: 108260874
2022-10-13 23:31:11,011 INFO     Datos recolectados
2022-10-13 23:31:15,733 INFO     Consulta nueva va a ser realizada
2022-10-13 23:31:15,733 INFO     La cedula a ser consultada es: 108260875
2022-10-13 23:31:17,276 INFO     Datos recolectados
2022-10-13 23:31:22,066 INFO     Consulta nueva va a ser realizada
2022-10-13 23:31:22,066 INFO     La cedula a ser consultada es: 108260876
2022-10-13 23:31:23,595 INFO     Datos recolectados
2022-10-13 23:31:28,288 INFO     Consulta nueva va a ser realizada
2022-10-13 23:31:28,288 INFO     La cedula a ser consultada es: 108260877
2022-10-13 23:31:29,862 INFO     Datos recolectados
2022-10-13 23:31:34,696 INFO     Consulta nueva va a ser realizada
2022-10-13 23:31:34,698 INFO     La cedula a ser consultada es: 108260878
2022-10-13 23:31:36,321 INFO     Datos recolectados
2022-10-13 23:31:41,888 INFO     Consulta nueva va a ser realizada
2022-10-13 23:31:41,889 INFO     La cedula a ser consultada es: 108260879
2022-10-13 23:31:43,082 ERROR    Datos no recolectados
2022-10-13 23:31:43,118 ERROR    Cedula no encontrada
2022-10-13 23:31:57,462 INFO     Consulta nueva va a ser realizada
2022-10-13 23:31:57,462 INFO     La cedula a ser consultada es: 108260880
2022-10-13 23:31:59,585 INFO     Datos recolectados
2022-10-13 23:32:05,757 INFO     Consulta nueva va a ser realizada
2022-10-13 23:32:05,758 INFO     La cedula a ser consultada es: 108260881
2022-10-13 23:32:07,552 INFO     Datos recolectados
2022-10-13 23:32:12,422 INFO     Consulta nueva va a ser realizada
2022-10-13 23:32:12,422 INFO     La cedula a ser consultada es: 108260882
2022-10-13 23:32:14,154 INFO     Datos recolectados
2022-10-13 23:32:19,120 INFO     Consulta nueva va a ser realizada
2022-10-13 23:32:19,120 INFO     La cedula a ser consultada es: 108260883
2022-10-13 23:32:20,748 INFO     Datos recolectados
2022-10-13 23:32:25,726 INFO     Consulta nueva va a ser realizada
2022-10-13 23:32:25,727 INFO     La cedula a ser consultada es: 108260884
2022-10-13 23:32:27,773 INFO     Datos recolectados
2022-10-13 23:32:32,404 INFO     Consulta nueva va a ser realizada
2022-10-13 23:32:32,404 INFO     La cedula a ser consultada es: 108260885
2022-10-13 23:32:33,902 INFO     Datos recolectados
2022-10-13 23:32:39,311 INFO     Consulta nueva va a ser realizada
2022-10-13 23:32:39,311 INFO     La cedula a ser consultada es: 108260886
2022-10-13 23:32:40,899 INFO     Datos recolectados
2022-10-13 23:32:45,900 INFO     Consulta nueva va a ser realizada
2022-10-13 23:32:45,901 INFO     La cedula a ser consultada es: 108260887
2022-10-13 23:32:47,490 INFO     Datos recolectados
2022-10-13 23:32:52,432 INFO     Consulta nueva va a ser realizada
2022-10-13 23:32:52,432 INFO     La cedula a ser consultada es: 108260888
2022-10-13 23:32:54,015 INFO     Datos recolectados
2022-10-13 23:32:58,828 INFO     Consulta nueva va a ser realizada
2022-10-13 23:32:58,829 INFO     La cedula a ser consultada es: 108260889
2022-10-13 23:33:00,372 INFO     Datos recolectados
2022-10-13 23:33:05,300 INFO     Consulta nueva va a ser realizada
2022-10-13 23:33:05,300 INFO     La cedula a ser consultada es: 108260890
2022-10-13 23:33:07,039 INFO     Datos recolectados
2022-10-13 23:33:12,343 INFO     Consulta nueva va a ser realizada
2022-10-13 23:33:12,343 INFO     La cedula a ser consultada es: 108260891
2022-10-13 23:33:14,522 INFO     Datos recolectados
2022-10-13 23:33:19,269 INFO     Consulta nueva va a ser realizada
2022-10-13 23:33:19,269 INFO     La cedula a ser consultada es: 108260892
2022-10-13 23:33:20,760 INFO     Datos recolectados
2022-10-13 23:33:25,480 INFO     Consulta nueva va a ser realizada
2022-10-13 23:33:25,480 INFO     La cedula a ser consultada es: 108260893
2022-10-13 23:33:26,952 INFO     Datos recolectados
2022-10-13 23:33:31,559 INFO     Consulta nueva va a ser realizada
2022-10-13 23:33:31,559 INFO     La cedula a ser consultada es: 108260894
2022-10-13 23:33:33,057 INFO     Datos recolectados
2022-10-13 23:33:37,624 INFO     Consulta nueva va a ser realizada
2022-10-13 23:33:37,625 INFO     La cedula a ser consultada es: 108260895
2022-10-13 23:33:39,059 INFO     Datos recolectados
2022-10-13 23:33:43,580 INFO     Consulta nueva va a ser realizada
2022-10-13 23:33:43,580 INFO     La cedula a ser consultada es: 108260896
2022-10-13 23:33:45,040 INFO     Datos recolectados
2022-10-13 23:33:49,625 INFO     Consulta nueva va a ser realizada
2022-10-13 23:33:49,625 INFO     La cedula a ser consultada es: 108260897
2022-10-13 23:33:51,171 INFO     Datos recolectados
2022-10-13 23:33:55,686 INFO     Consulta nueva va a ser realizada
2022-10-13 23:33:55,686 INFO     La cedula a ser consultada es: 108260898
2022-10-13 23:33:57,153 INFO     Datos recolectados
2022-10-13 23:34:01,730 INFO     Consulta nueva va a ser realizada
2022-10-13 23:34:01,731 INFO     La cedula a ser consultada es: 108260899
2022-10-13 23:34:03,209 INFO     Datos recolectados
2022-10-13 23:34:07,744 INFO     Consulta nueva va a ser realizada
2022-10-13 23:34:07,744 INFO     La cedula a ser consultada es: 108260900
2022-10-13 23:34:09,214 INFO     Datos recolectados
2022-10-13 23:34:11,174 ERROR    Cedula no encontrada
2022-10-13 23:34:13,404 ERROR    Cedula no encontrada
2022-10-13 23:34:20,480 WARNING  Retrying (Retry(total=2, connect=None, read=None, redirect=None, status=None)) after connection broken by 'NewConnectionError('<urllib3.connection.HTTPConnection object at 0x0000022E74428490>: Failed to establish a new connection: [WinError 10061] No se puede establecer una conexión ya que el equipo de destino denegó expresamente dicha conexión')': /session/a42b252901f3d150ac2605cadfaf02e0/element
2022-10-13 23:34:24,564 WARNING  Retrying (Retry(total=1, connect=None, read=None, redirect=None, status=None)) after connection broken by 'NewConnectionError('<urllib3.connection.HTTPConnection object at 0x0000022E74428A00>: Failed to establish a new connection: [WinError 10061] No se puede establecer una conexión ya que el equipo de destino denegó expresamente dicha conexión')': /session/a42b252901f3d150ac2605cadfaf02e0/element
2022-10-13 23:34:28,673 WARNING  Retrying (Retry(total=0, connect=None, read=None, redirect=None, status=None)) after connection broken by 'NewConnectionError('<urllib3.connection.HTTPConnection object at 0x0000022E744285E0>: Failed to establish a new connection: [WinError 10061] No se puede establecer una conexión ya que el equipo de destino denegó expresamente dicha conexión')': /session/a42b252901f3d150ac2605cadfaf02e0/element
